<?xml version="1.0" encoding="UTF-8"?>
<!-- Generated by org.testng.reporters.JUnitReportReporter -->
<testsuite hostname="DESKTOP-53U1R5L" failures="0" tests="2" name="com.UIAutomation.Demo.MyStore_tests" time="44.380" errors="0" timestamp="2020-07-20T11:08:51 IST" skipped="0">
  <testcase classname="com.UIAutomation.Demo.MyStore_tests" name="AddLessPriceItemToCart" time="30.555"/>
  <system-out/>
  <testcase classname="com.UIAutomation.Demo.MyStore_tests" name="ValidateDiscountEqualsToOriginal" time="13.825"/>
  <system-out/>
</testsuite> <!-- com.UIAutomation.Demo.MyStore_tests -->
