<?xml version="1.0" encoding="UTF-8"?>
<!-- Generated by org.testng.reporters.JUnitReportReporter -->
<testsuite hostname="DESKTOP-53U1R5L" failures="0" tests="1" name="com.UIAutomation.Demo.App" time="20.150" errors="0" timestamp="2020-07-19T00:48:19 IST" skipped="0">
  <testcase classname="com.UIAutomation.Demo.App" name="basePageNavigation" time="20.150"/>
  <system-out/>
</testsuite> <!-- com.UIAutomation.Demo.App -->
